$ python -m pytest module_4 -m "web or buttons or analysis or db or integration"

........................................................................ [ 14%]
........................................................................ [ 29%]
........................................................................ [ 44%]
........................................................................ [ 59%]
........................................................................ [ 73%]
........................................................................ [ 88%]
.......................................................                  [100%]
=============================== tests coverage ================================
_______________ coverage: platform win32, python 3.13.5-final-0 _______________

Name                          Stmts   Miss  Cover   Missing
-----------------------------------------------------------
module_4\src\clean.py           147      0   100%
module_4\src\db_config.py        62      0   100%
module_4\src\flask_app.py       112      0   100%
module_4\src\load_data.py       130      0   100%
module_4\src\models.py           75      0   100%
module_4\src\orm_queries.py     172      0   100%
module_4\src\pull_data.py       230      0   100%
module_4\src\query_data.py      260      0   100%
module_4\src\scrape.py          351      0   100%
-----------------------------------------------------------
TOTAL                          1539      0   100%
Required test coverage of 100% reached. Total coverage: 100.00%
487 passed in 9.68s
